WARNING: No checksum file found. Run prepare.sh to create one.
Compiling engine...
Compiled in 0s.
Running gauntlet tournament...
Gauntlet: 5 SF levels (2000-2400) x 2 games (engine 500ms, SF 100ms)...
Running: tools/cutechess-cli -engine cmd=engine/target/release/hive-chess proto=uci name=HiveChess tc=40/20 -engine cmd=tools/stockfish proto=uci name=SF_2000 tc=40/4 option.UCI_LimitStrength=true option.UCI_Elo=2000 option.Threads=1 option.Hash=16 -engine cmd=tools/stockfish proto=uci name=SF_2100 tc=40/4 option.UCI_LimitStrength=true option.UCI_Elo=2100 option.Threads=1 option.Hash=16 -engine cmd=tools/stockfish proto=uci name=SF_2200 tc=40/4 option.UCI_LimitStrength=true option.UCI_Elo=2200 option.Threads=1 option.Hash=16 -engine cmd=tools/stockfish proto=uci name=SF_2300 tc=40/4 option.UCI_LimitStrength=true option.UCI_Elo=2300 option.Threads=1 option.Hash=16 -engine cmd=tools/stockfish proto=uci name=SF_2400 tc=40/4 option.UCI_LimitStrength=true option.UCI_Elo=2400 option.Threads=1 option.Hash=16 -tournament gauntlet -rounds 1 -games 2 -repeat -pgnout eval/games.pgn -recover -wait 50 -openings file=eval/openings.epd format=epd order=random
Indexing opening suite...
Started game 1 of 10 (HiveChess vs SF_2000)
Finished game 1 (HiveChess vs SF_2000): 1-0 {White mates}
Started game 2 of 10 (SF_2000 vs HiveChess)
Finished game 2 (SF_2000 vs HiveChess): 0-1 {Black mates}
Started game 3 of 10 (HiveChess vs SF_2100)
Finished game 3 (HiveChess vs SF_2100): 1-0 {White mates}
Started game 4 of 10 (SF_2100 vs HiveChess)
Finished game 4 (SF_2100 vs HiveChess): 0-1 {Black mates}
Started game 5 of 10 (HiveChess vs SF_2200)
Finished game 5 (HiveChess vs SF_2200): 1-0 {White mates}
Started game 6 of 10 (SF_2200 vs HiveChess)
Finished game 6 (SF_2200 vs HiveChess): 0-1 {Black mates}
Started game 7 of 10 (HiveChess vs SF_2300)
Finished game 7 (HiveChess vs SF_2300): 1-0 {White mates}
Started game 8 of 10 (SF_2300 vs HiveChess)
Finished game 8 (SF_2300 vs HiveChess): 1/2-1/2 {Draw by fifty moves rule}
Started game 9 of 10 (HiveChess vs SF_2400)
Finished game 9 (HiveChess vs SF_2400): 1-0 {White mates}
Started game 10 of 10 (SF_2400 vs HiveChess)
Finished game 10 (SF_2400 vs HiveChess): 0-1 {Black mates}
Rank Name                          Elo     +/-   Games   Score    Draw 
   0 HiveChess                     512     nan      10   95.0%   10.0% 
   1 SF_2300                      -191     nan       2   25.0%   50.0% 
   2 SF_2400                      -inf     nan       2    0.0%    0.0% 
   3 SF_2200                      -inf     nan       2    0.0%    0.0% 
   4 SF_2100                      -inf     nan       2    0.0%    0.0% 
   5 SF_2000                      -inf     nan       2    0.0%    0.0% 

SPRT: llr 0 (0.0%), lbound -inf, ubound inf

Player: HiveChess
   "Draw by fifty moves rule": 1
   "Win: Black mates": 4
   "Win: White mates": 5
Player: SF_2000
   "Loss: Black mates": 1
   "Loss: White mates": 1
Player: SF_2100
   "Loss: Black mates": 1
   "Loss: White mates": 1
Player: SF_2200
   "Loss: Black mates": 1
   "Loss: White mates": 1
Player: SF_2300
   "Draw by fifty moves rule": 1
   "Loss: White mates": 1
Player: SF_2400
   "Loss: Black mates": 1
   "Loss: White mates": 1
Finished match
Computing ELO...
elo: 2760.4
games_played: 10
score_pct: 0.950
total_wins: 9
total_draws: 1
total_losses: 0
ci_95: 500.8

Per-opponent breakdown:
  vs SF_2000 (2000): +2 =0 -0 [1.000]
  vs SF_2100 (2100): +2 =0 -0 [1.000]
  vs SF_2200 (2200): +2 =0 -0 [1.000]
  vs SF_2300 (2300): +1 =1 -0 [0.750]
  vs SF_2400 (2400): +2 =0 -0 [1.000]
---
elo:              2760.4
games_played:     10
score_pct:        0.950
wins:             9
draws:            1
losses:           0
binary_bytes:     1438632
line_count:       2769
compile_secs:     0
valid:            true
